<?xml version="1.0" encoding="UTF-8"?>
<!-- Generated by org.testng.reporters.JUnitReportReporter -->
<testsuite hostname="DESKTOP-V76S8CV" failures="0" tests="2" name="com.bridzelabz.keyword.test.LoginTest" time="13.050" errors="0" timestamp="2022-09-27T13:43:53 IST" skipped="0">
  <testcase classname="com.bridzelabz.keyword.test.LoginTest" name="signUpTest" time="5.103"/>
  <system-out/>
  <testcase classname="com.bridzelabz.keyword.test.LoginTest" name="loginTest" time="7.947"/>
  <system-out/>
</testsuite> <!-- com.bridzelabz.keyword.test.LoginTest -->
